<?xml version="1.0" encoding="UTF-8"?>
<!-- Generated by org.testng.reporters.JUnitReportReporter -->
<testsuite hostname="DESKTOP-R5AUEIT" name="InputForm.JQuerySelect" tests="1" failures="0" timestamp="18 Mar 2019 09:51:02 GMT" time="12.204" errors="0">
  <testcase name="TC_03_SelectMultiValue" time="12.204" classname="InputForm.JQuerySelect"/>
</testsuite> <!-- InputForm.JQuerySelect -->
